2025-10-02 13:37:10,880 [Worker-7: Loading available Gradle versions] INFO  o.e.b.c.i.u.g.PublishedGradleVersions - Gradle version information cache is up-to-date. Trying to read.
2025-10-02 13:37:59,091 [ModalContext] INFO  o.e.m.c.i.e.AbstractTransferListenerAdapter - Downloading https://repo.maven.apache.org/maven2/org/apache/maven/archetypes/maven-archetype-quickstart/1.1/maven-archetype-quickstart-1.1.pom
2025-10-02 13:37:59,124 [ModalContext] INFO  o.e.m.c.i.e.AbstractTransferListenerAdapter - Downloaded https://repo.maven.apache.org/maven2/org/apache/maven/archetypes/maven-archetype-quickstart/1.1/maven-archetype-quickstart-1.1.pom
2025-10-02 13:37:59,230 [ModalContext] INFO  o.e.m.c.i.e.AbstractTransferListenerAdapter - Downloading https://repo.maven.apache.org/maven2/org/apache/maven/archetypes/maven-archetype-bundles/4/maven-archetype-bundles-4.pom
2025-10-02 13:37:59,241 [ModalContext] INFO  o.e.m.c.i.e.AbstractTransferListenerAdapter - Downloaded https://repo.maven.apache.org/maven2/org/apache/maven/archetypes/maven-archetype-bundles/4/maven-archetype-bundles-4.pom
2025-10-02 13:37:59,379 [ModalContext] INFO  o.e.m.c.i.e.AbstractTransferListenerAdapter - Downloading https://repo.maven.apache.org/maven2/org/apache/maven/archetype/maven-archetype/2.0-alpha-5/maven-archetype-2.0-alpha-5.pom
2025-10-02 13:37:59,393 [ModalContext] INFO  o.e.m.c.i.e.AbstractTransferListenerAdapter - Downloaded https://repo.maven.apache.org/maven2/org/apache/maven/archetype/maven-archetype/2.0-alpha-5/maven-archetype-2.0-alpha-5.pom
2025-10-02 13:37:59,770 [ModalContext] INFO  o.e.m.c.i.e.AbstractTransferListenerAdapter - Downloading https://repo.maven.apache.org/maven2/org/apache/maven/archetypes/maven-archetype-quickstart/1.1/maven-archetype-quickstart-1.1.jar
2025-10-02 13:37:59,777 [ModalContext] INFO  o.e.m.c.i.e.AbstractTransferListenerAdapter - Downloaded https://repo.maven.apache.org/maven2/org/apache/maven/archetypes/maven-archetype-quickstart/1.1/maven-archetype-quickstart-1.1.jar
2025-10-02 13:38:15,548 [Worker-15: Launching mavenrun-84aba2a7-0e94-4161-9672-0b4bd03b7f3d] INFO  o.eclipse.m2e.core.internal.Bundles - getClasspathEntries(Bundle=org.eclipse.m2e.maven.runtime_3.9.700.20240602-2313 [642])
2025-10-02 13:38:15,550 [Worker-15: Launching mavenrun-84aba2a7-0e94-4161-9672-0b4bd03b7f3d] INFO  o.eclipse.m2e.core.internal.Bundles - 	Entry: C:\Users\zaimy\.p2\pool\plugins\org.eclipse.m2e.maven.runtime_3.9.700.20240602-2313
2025-10-02 13:38:15,551 [Worker-15: Launching mavenrun-84aba2a7-0e94-4161-9672-0b4bd03b7f3d] INFO  o.eclipse.m2e.core.internal.Bundles - 	Entry: C:\Users\zaimy\.p2\pool\plugins\org.eclipse.m2e.maven.runtime_3.9.700.20240602-2313\jars\aopalliance-1.0.jar
2025-10-02 13:38:15,551 [Worker-15: Launching mavenrun-84aba2a7-0e94-4161-9672-0b4bd03b7f3d] INFO  o.eclipse.m2e.core.internal.Bundles - 	Entry: C:\Users\zaimy\.p2\pool\plugins\org.eclipse.m2e.maven.runtime_3.9.700.20240602-2313\jars\guice-5.1.0.jar
2025-10-02 13:38:15,551 [Worker-15: Launching mavenrun-84aba2a7-0e94-4161-9672-0b4bd03b7f3d] INFO  o.eclipse.m2e.core.internal.Bundles - 	Entry: C:\Users\zaimy\.p2\pool\plugins\org.eclipse.m2e.maven.runtime_3.9.700.20240602-2313\jars\httpclient-4.5.14.jar
2025-10-02 13:38:15,551 [Worker-15: Launching mavenrun-84aba2a7-0e94-4161-9672-0b4bd03b7f3d] INFO  o.eclipse.m2e.core.internal.Bundles - 	Entry: C:\Users\zaimy\.p2\pool\plugins\org.eclipse.m2e.maven.runtime_3.9.700.20240602-2313\jars\httpcore-4.4.16.jar
2025-10-02 13:38:15,551 [Worker-15: Launching mavenrun-84aba2a7-0e94-4161-9672-0b4bd03b7f3d] INFO  o.eclipse.m2e.core.internal.Bundles - 	Entry: C:\Users\zaimy\.p2\pool\plugins\org.eclipse.m2e.maven.runtime_3.9.700.20240602-2313\jars\jansi-2.4.1.jar
2025-10-02 13:38:15,551 [Worker-15: Launching mavenrun-84aba2a7-0e94-4161-9672-0b4bd03b7f3d] INFO  o.eclipse.m2e.core.internal.Bundles - 	Entry: C:\Users\zaimy\.p2\pool\plugins\org.eclipse.m2e.maven.runtime_3.9.700.20240602-2313\jars\jcl-over-slf4j-1.7.36.jar
2025-10-02 13:38:15,551 [Worker-15: Launching mavenrun-84aba2a7-0e94-4161-9672-0b4bd03b7f3d] INFO  o.eclipse.m2e.core.internal.Bundles - 	Entry: C:\Users\zaimy\.p2\pool\plugins\org.eclipse.m2e.maven.runtime_3.9.700.20240602-2313\jars\maven-artifact-3.9.7.jar
2025-10-02 13:38:15,551 [Worker-15: Launching mavenrun-84aba2a7-0e94-4161-9672-0b4bd03b7f3d] INFO  o.eclipse.m2e.core.internal.Bundles - 	Entry: C:\Users\zaimy\.p2\pool\plugins\org.eclipse.m2e.maven.runtime_3.9.700.20240602-2313\jars\maven-builder-support-3.9.7.jar
2025-10-02 13:38:15,551 [Worker-15: Launching mavenrun-84aba2a7-0e94-4161-9672-0b4bd03b7f3d] INFO  o.eclipse.m2e.core.internal.Bundles - 	Entry: C:\Users\zaimy\.p2\pool\plugins\org.eclipse.m2e.maven.runtime_3.9.700.20240602-2313\jars\maven-compat-3.9.7.jar
2025-10-02 13:38:15,551 [Worker-15: Launching mavenrun-84aba2a7-0e94-4161-9672-0b4bd03b7f3d] INFO  o.eclipse.m2e.core.internal.Bundles - 	Entry: C:\Users\zaimy\.p2\pool\plugins\org.eclipse.m2e.maven.runtime_3.9.700.20240602-2313\jars\maven-core-3.9.7.jar
2025-10-02 13:38:15,552 [Worker-15: Launching mavenrun-84aba2a7-0e94-4161-9672-0b4bd03b7f3d] INFO  o.eclipse.m2e.core.internal.Bundles - 	Entry: C:\Users\zaimy\.p2\pool\plugins\org.eclipse.m2e.maven.runtime_3.9.700.20240602-2313\jars\maven-embedder-3.9.7.jar
2025-10-02 13:38:15,552 [Worker-15: Launching mavenrun-84aba2a7-0e94-4161-9672-0b4bd03b7f3d] INFO  o.eclipse.m2e.core.internal.Bundles - 	Entry: C:\Users\zaimy\.p2\pool\plugins\org.eclipse.m2e.maven.runtime_3.9.700.20240602-2313\jars\maven-model-3.9.7.jar
2025-10-02 13:38:15,552 [Worker-15: Launching mavenrun-84aba2a7-0e94-4161-9672-0b4bd03b7f3d] INFO  o.eclipse.m2e.core.internal.Bundles - 	Entry: C:\Users\zaimy\.p2\pool\plugins\org.eclipse.m2e.maven.runtime_3.9.700.20240602-2313\jars\maven-model-builder-3.9.7.jar
2025-10-02 13:38:15,552 [Worker-15: Launching mavenrun-84aba2a7-0e94-4161-9672-0b4bd03b7f3d] INFO  o.eclipse.m2e.core.internal.Bundles - 	Entry: C:\Users\zaimy\.p2\pool\plugins\org.eclipse.m2e.maven.runtime_3.9.700.20240602-2313\jars\maven-plugin-api-3.9.7.jar
2025-10-02 13:38:15,552 [Worker-15: Launching mavenrun-84aba2a7-0e94-4161-9672-0b4bd03b7f3d] INFO  o.eclipse.m2e.core.internal.Bundles - 	Entry: C:\Users\zaimy\.p2\pool\plugins\org.eclipse.m2e.maven.runtime_3.9.700.20240602-2313\jars\maven-repository-metadata-3.9.7.jar
2025-10-02 13:38:15,552 [Worker-15: Launching mavenrun-84aba2a7-0e94-4161-9672-0b4bd03b7f3d] INFO  o.eclipse.m2e.core.internal.Bundles - 	Entry: C:\Users\zaimy\.p2\pool\plugins\org.eclipse.m2e.maven.runtime_3.9.700.20240602-2313\jars\maven-resolver-api-1.9.20.jar
2025-10-02 13:38:15,552 [Worker-15: Launching mavenrun-84aba2a7-0e94-4161-9672-0b4bd03b7f3d] INFO  o.eclipse.m2e.core.internal.Bundles - 	Entry: C:\Users\zaimy\.p2\pool\plugins\org.eclipse.m2e.maven.runtime_3.9.700.20240602-2313\jars\maven-resolver-connector-basic-1.9.20.jar
2025-10-02 13:38:15,552 [Worker-15: Launching mavenrun-84aba2a7-0e94-4161-9672-0b4bd03b7f3d] INFO  o.eclipse.m2e.core.internal.Bundles - 	Entry: C:\Users\zaimy\.p2\pool\plugins\org.eclipse.m2e.maven.runtime_3.9.700.20240602-2313\jars\maven-resolver-impl-1.9.20.jar
2025-10-02 13:38:15,552 [Worker-15: Launching mavenrun-84aba2a7-0e94-4161-9672-0b4bd03b7f3d] INFO  o.eclipse.m2e.core.internal.Bundles - 	Entry: C:\Users\zaimy\.p2\pool\plugins\org.eclipse.m2e.maven.runtime_3.9.700.20240602-2313\jars\maven-resolver-named-locks-1.9.20.jar
2025-10-02 13:38:15,553 [Worker-15: Launching mavenrun-84aba2a7-0e94-4161-9672-0b4bd03b7f3d] INFO  o.eclipse.m2e.core.internal.Bundles - 	Entry: C:\Users\zaimy\.p2\pool\plugins\org.eclipse.m2e.maven.runtime_3.9.700.20240602-2313\jars\maven-resolver-provider-3.9.7.jar
2025-10-02 13:38:15,553 [Worker-15: Launching mavenrun-84aba2a7-0e94-4161-9672-0b4bd03b7f3d] INFO  o.eclipse.m2e.core.internal.Bundles - 	Entry: C:\Users\zaimy\.p2\pool\plugins\org.eclipse.m2e.maven.runtime_3.9.700.20240602-2313\jars\maven-resolver-spi-1.9.20.jar
2025-10-02 13:38:15,553 [Worker-15: Launching mavenrun-84aba2a7-0e94-4161-9672-0b4bd03b7f3d] INFO  o.eclipse.m2e.core.internal.Bundles - 	Entry: C:\Users\zaimy\.p2\pool\plugins\org.eclipse.m2e.maven.runtime_3.9.700.20240602-2313\jars\maven-resolver-transport-file-1.9.20.jar
2025-10-02 13:38:15,553 [Worker-15: Launching mavenrun-84aba2a7-0e94-4161-9672-0b4bd03b7f3d] INFO  o.eclipse.m2e.core.internal.Bundles - 	Entry: C:\Users\zaimy\.p2\pool\plugins\org.eclipse.m2e.maven.runtime_3.9.700.20240602-2313\jars\maven-resolver-transport-http-1.9.20.jar
2025-10-02 13:38:15,553 [Worker-15: Launching mavenrun-84aba2a7-0e94-4161-9672-0b4bd03b7f3d] INFO  o.eclipse.m2e.core.internal.Bundles - 	Entry: C:\Users\zaimy\.p2\pool\plugins\org.eclipse.m2e.maven.runtime_3.9.700.20240602-2313\jars\maven-resolver-transport-wagon-1.9.20.jar
2025-10-02 13:38:15,553 [Worker-15: Launching mavenrun-84aba2a7-0e94-4161-9672-0b4bd03b7f3d] INFO  o.eclipse.m2e.core.internal.Bundles - 	Entry: C:\Users\zaimy\.p2\pool\plugins\org.eclipse.m2e.maven.runtime_3.9.700.20240602-2313\jars\maven-resolver-util-1.9.20.jar
2025-10-02 13:38:15,553 [Worker-15: Launching mavenrun-84aba2a7-0e94-4161-9672-0b4bd03b7f3d] INFO  o.eclipse.m2e.core.internal.Bundles - 	Entry: C:\Users\zaimy\.p2\pool\plugins\org.eclipse.m2e.maven.runtime_3.9.700.20240602-2313\jars\maven-settings-3.9.7.jar
2025-10-02 13:38:15,553 [Worker-15: Launching mavenrun-84aba2a7-0e94-4161-9672-0b4bd03b7f3d] INFO  o.eclipse.m2e.core.internal.Bundles - 	Entry: C:\Users\zaimy\.p2\pool\plugins\org.eclipse.m2e.maven.runtime_3.9.700.20240602-2313\jars\maven-settings-builder-3.9.7.jar
2025-10-02 13:38:15,553 [Worker-15: Launching mavenrun-84aba2a7-0e94-4161-9672-0b4bd03b7f3d] INFO  o.eclipse.m2e.core.internal.Bundles - 	Entry: C:\Users\zaimy\.p2\pool\plugins\org.eclipse.m2e.maven.runtime_3.9.700.20240602-2313\jars\maven-shared-utils-3.4.2.jar
2025-10-02 13:38:15,554 [Worker-15: Launching mavenrun-84aba2a7-0e94-4161-9672-0b4bd03b7f3d] INFO  o.eclipse.m2e.core.internal.Bundles - 	Entry: C:\Users\zaimy\.p2\pool\plugins\org.eclipse.m2e.maven.runtime_3.9.700.20240602-2313\jars\org.eclipse.sisu.inject-0.9.0.M2.jar
2025-10-02 13:38:15,554 [Worker-15: Launching mavenrun-84aba2a7-0e94-4161-9672-0b4bd03b7f3d] INFO  o.eclipse.m2e.core.internal.Bundles - 	Entry: C:\Users\zaimy\.p2\pool\plugins\org.eclipse.m2e.maven.runtime_3.9.700.20240602-2313\jars\org.eclipse.sisu.plexus-0.9.0.M2.jar
2025-10-02 13:38:15,554 [Worker-15: Launching mavenrun-84aba2a7-0e94-4161-9672-0b4bd03b7f3d] INFO  o.eclipse.m2e.core.internal.Bundles - 	Entry: C:\Users\zaimy\.p2\pool\plugins\org.eclipse.m2e.maven.runtime_3.9.700.20240602-2313\jars\plexus-build-api-0.0.7.jar
2025-10-02 13:38:15,554 [Worker-15: Launching mavenrun-84aba2a7-0e94-4161-9672-0b4bd03b7f3d] INFO  o.eclipse.m2e.core.internal.Bundles - 	Entry: C:\Users\zaimy\.p2\pool\plugins\org.eclipse.m2e.maven.runtime_3.9.700.20240602-2313\jars\plexus-build-api-1.2.0.jar
2025-10-02 13:38:15,554 [Worker-15: Launching mavenrun-84aba2a7-0e94-4161-9672-0b4bd03b7f3d] INFO  o.eclipse.m2e.core.internal.Bundles - 	Entry: C:\Users\zaimy\.p2\pool\plugins\org.eclipse.m2e.maven.runtime_3.9.700.20240602-2313\jars\plexus-cipher-2.0.jar
2025-10-02 13:38:15,554 [Worker-15: Launching mavenrun-84aba2a7-0e94-4161-9672-0b4bd03b7f3d] INFO  o.eclipse.m2e.core.internal.Bundles - 	Entry: C:\Users\zaimy\.p2\pool\plugins\org.eclipse.m2e.maven.runtime_3.9.700.20240602-2313\jars\plexus-classworlds-2.8.0.jar
2025-10-02 13:38:15,554 [Worker-15: Launching mavenrun-84aba2a7-0e94-4161-9672-0b4bd03b7f3d] INFO  o.eclipse.m2e.core.internal.Bundles - 	Entry: C:\Users\zaimy\.p2\pool\plugins\org.eclipse.m2e.maven.runtime_3.9.700.20240602-2313\jars\plexus-component-annotations-2.1.0.jar
2025-10-02 13:38:15,554 [Worker-15: Launching mavenrun-84aba2a7-0e94-4161-9672-0b4bd03b7f3d] INFO  o.eclipse.m2e.core.internal.Bundles - 	Entry: C:\Users\zaimy\.p2\pool\plugins\org.eclipse.m2e.maven.runtime_3.9.700.20240602-2313\jars\plexus-interpolation-1.27.jar
2025-10-02 13:38:15,554 [Worker-15: Launching mavenrun-84aba2a7-0e94-4161-9672-0b4bd03b7f3d] INFO  o.eclipse.m2e.core.internal.Bundles - 	Entry: C:\Users\zaimy\.p2\pool\plugins\org.eclipse.m2e.maven.runtime_3.9.700.20240602-2313\jars\plexus-sec-dispatcher-2.0.jar
2025-10-02 13:38:15,554 [Worker-15: Launching mavenrun-84aba2a7-0e94-4161-9672-0b4bd03b7f3d] INFO  o.eclipse.m2e.core.internal.Bundles - 	Entry: C:\Users\zaimy\.p2\pool\plugins\org.eclipse.m2e.maven.runtime_3.9.700.20240602-2313\jars\plexus-utils-3.5.1.jar
2025-10-02 13:38:15,554 [Worker-15: Launching mavenrun-84aba2a7-0e94-4161-9672-0b4bd03b7f3d] INFO  o.eclipse.m2e.core.internal.Bundles - 	Entry: C:\Users\zaimy\.p2\pool\plugins\org.eclipse.m2e.maven.runtime_3.9.700.20240602-2313\jars\wagon-file-3.5.3.jar
2025-10-02 13:38:15,555 [Worker-15: Launching mavenrun-84aba2a7-0e94-4161-9672-0b4bd03b7f3d] INFO  o.eclipse.m2e.core.internal.Bundles - 	Entry: C:\Users\zaimy\.p2\pool\plugins\org.eclipse.m2e.maven.runtime_3.9.700.20240602-2313\jars\wagon-http-3.5.3.jar
2025-10-02 13:38:15,555 [Worker-15: Launching mavenrun-84aba2a7-0e94-4161-9672-0b4bd03b7f3d] INFO  o.eclipse.m2e.core.internal.Bundles - 	Entry: C:\Users\zaimy\.p2\pool\plugins\org.eclipse.m2e.maven.runtime_3.9.700.20240602-2313\jars\wagon-http-shared-3.5.3.jar
2025-10-02 13:38:15,555 [Worker-15: Launching mavenrun-84aba2a7-0e94-4161-9672-0b4bd03b7f3d] INFO  o.eclipse.m2e.core.internal.Bundles - 	Entry: C:\Users\zaimy\.p2\pool\plugins\org.eclipse.m2e.maven.runtime_3.9.700.20240602-2313\jars\wagon-provider-api-3.5.3.jar
2025-10-02 13:38:15,558 [Worker-15: Launching mavenrun-84aba2a7-0e94-4161-9672-0b4bd03b7f3d] INFO  o.eclipse.m2e.core.internal.Bundles - getClasspathEntries(Bundle=com.google.guava_33.2.0.jre [16])
2025-10-02 13:38:15,559 [Worker-15: Launching mavenrun-84aba2a7-0e94-4161-9672-0b4bd03b7f3d] INFO  o.eclipse.m2e.core.internal.Bundles - 	Entry: C:\Users\zaimy\.p2\pool\plugins\com.google.guava_33.2.0.jre.jar
2025-10-02 13:38:15,559 [Worker-15: Launching mavenrun-84aba2a7-0e94-4161-9672-0b4bd03b7f3d] INFO  o.eclipse.m2e.core.internal.Bundles - getClasspathEntries(Bundle=slf4j.api_2.0.13 [1007])
2025-10-02 13:38:15,559 [Worker-15: Launching mavenrun-84aba2a7-0e94-4161-9672-0b4bd03b7f3d] INFO  o.eclipse.m2e.core.internal.Bundles - 	Entry: C:\Users\zaimy\.p2\pool\plugins\slf4j.api_2.0.13.jar
2025-10-02 13:38:15,559 [Worker-15: Launching mavenrun-84aba2a7-0e94-4161-9672-0b4bd03b7f3d] INFO  o.eclipse.m2e.core.internal.Bundles - getClasspathEntries(Bundle=jakarta.inject.jakarta.inject-api_1.0.5 [33])
2025-10-02 13:38:15,560 [Worker-15: Launching mavenrun-84aba2a7-0e94-4161-9672-0b4bd03b7f3d] INFO  o.eclipse.m2e.core.internal.Bundles - 	Entry: C:\Users\zaimy\.p2\pool\plugins\jakarta.inject.jakarta.inject-api_1.0.5.jar
2025-10-02 13:38:15,560 [Worker-15: Launching mavenrun-84aba2a7-0e94-4161-9672-0b4bd03b7f3d] INFO  o.eclipse.m2e.core.internal.Bundles - getClasspathEntries(Bundle=javax.annotation_1.3.5.v20200909-1856 [44])
2025-10-02 13:38:15,560 [Worker-15: Launching mavenrun-84aba2a7-0e94-4161-9672-0b4bd03b7f3d] INFO  o.eclipse.m2e.core.internal.Bundles - 	Entry: C:\Users\zaimy\.p2\pool\plugins\javax.annotation_1.3.5.v20200909-1856.jar
2025-10-02 13:38:15,560 [Worker-15: Launching mavenrun-84aba2a7-0e94-4161-9672-0b4bd03b7f3d] INFO  o.eclipse.m2e.core.internal.Bundles - getClasspathEntries(Bundle=org.apache.commons.cli_1.8.0 [78])
2025-10-02 13:38:15,560 [Worker-15: Launching mavenrun-84aba2a7-0e94-4161-9672-0b4bd03b7f3d] INFO  o.eclipse.m2e.core.internal.Bundles - 	Entry: C:\Users\zaimy\.p2\pool\plugins\org.apache.commons.cli_1.8.0.jar
2025-10-02 13:38:15,560 [Worker-15: Launching mavenrun-84aba2a7-0e94-4161-9672-0b4bd03b7f3d] INFO  o.eclipse.m2e.core.internal.Bundles - getClasspathEntries(Bundle=org.apache.commons.commons-codec_1.16.0 [81])
2025-10-02 13:38:15,560 [Worker-15: Launching mavenrun-84aba2a7-0e94-4161-9672-0b4bd03b7f3d] INFO  o.eclipse.m2e.core.internal.Bundles - 	Entry: C:\Users\zaimy\.p2\pool\plugins\org.apache.commons.commons-codec_1.16.0.jar
2025-10-02 13:38:15,560 [Worker-15: Launching mavenrun-84aba2a7-0e94-4161-9672-0b4bd03b7f3d] INFO  o.eclipse.m2e.core.internal.Bundles - getClasspathEntries(Bundle=org.apache.commons.lang3_3.14.0 [89])
2025-10-02 13:38:15,561 [Worker-15: Launching mavenrun-84aba2a7-0e94-4161-9672-0b4bd03b7f3d] INFO  o.eclipse.m2e.core.internal.Bundles - 	Entry: C:\Users\zaimy\.p2\pool\plugins\org.apache.commons.lang3_3.14.0.jar
2025-10-02 13:38:15,561 [Worker-15: Launching mavenrun-84aba2a7-0e94-4161-9672-0b4bd03b7f3d] INFO  o.eclipse.m2e.core.internal.Bundles - getClasspathEntries(Bundle=com.google.guava.failureaccess_1.0.2 [17])
2025-10-02 13:38:15,561 [Worker-15: Launching mavenrun-84aba2a7-0e94-4161-9672-0b4bd03b7f3d] INFO  o.eclipse.m2e.core.internal.Bundles - 	Entry: C:\Users\zaimy\.p2\pool\plugins\com.google.guava.failureaccess_1.0.2.jar
2025-10-02 13:38:15,567 [Worker-15: Launching mavenrun-84aba2a7-0e94-4161-9672-0b4bd03b7f3d] INFO  o.e.m.i.launch.MavenLaunchDelegate - Run build in "C:\Users\zaimy\AppData\Local\Temp\m2e-archetypeGenerator389519771294246423":
2025-10-02 13:38:15,571 [Worker-15: Launching mavenrun-84aba2a7-0e94-4161-9672-0b4bd03b7f3d] INFO  o.e.m.i.launch.MavenLaunchDelegate -  mvn  -DarchetypeGroupId=org.apache.maven.archetypes -DarchetypeArtifactId=maven-archetype-quickstart -DarchetypeVersion=1.1 -DgroupId=Apsd489 -DartifactId=Lab1 -Dversion=0.0.1-SNAPSHOT -Dpackage=Apsd489.Lab1 -DoutputDirectory=C:\Users\zaimy\OneDrive\Documents\Git\MIUCompro\CS489\Labs\Lab1 -Dstyle.color=always -U archetype:generate
